BSS = 4b5c0
start kern info = 90000
Creating kernel heap: start=102000, size=1048576
527232KB memory detected, 130363 pages in freelist, 1048576 bytes in kernel heap
Initializing IDT...
Init_SMP
Initializing SMP...
found CPU#0 with APIC id #0
found IO APIC ID=0 at fec00000
/Init_SMP
apic counted down to ffffffc3
cpu freq = 8281600
Initializing timer...
Initializing keyboard...
Initializing DMA Controller...
Initializing IDE controller...
ide: probe found ATA drive:     ide0: cyl=40, heads=16, sectors=63
ide: found no drive 1
the global lock is not held.
Registering paging device: /c/pagefile.bin on ide0 with 10240 sectors
Mounted /c filesystem!
Welcome to GeekOS!
Spawning init process (/c/shell.exe)
$ s schedtst m m rr 1
11112122121223121212121212121212121212122
$ m sced  hedtst mys 1
11112122121221321212121212121212121212122
$ schedtst mys 1
Timer_vector of EDF Task
11112121221212321212121212121212121212122
$ schedtst mys 1
Timer_vector of EDF Task
11112121221212321212121212121212121212122
$ 